<?xml version="1.0" encoding="UTF-8"?>
<testng-results ignored="0" total="4" passed="4" failed="0" skipped="0">
  <reporter-output>
  </reporter-output>
  <suite started-at="2020-04-10T18:32:38 IST" name="Suite" finished-at="2020-04-10T18:32:38 IST" duration-ms="36">
    <groups>
    </groups>
    <test started-at="2020-04-10T18:32:38 IST" name="Test" finished-at="2020-04-10T18:32:38 IST" duration-ms="36">
      <class name="qaclickacademy.AppiumTest">
        <test-method signature="IOSApps()[pri:0, instance:qaclickacademy.AppiumTest@402e37bc]" started-at="2020-04-10T18:32:38 IST" name="IOSApps" finished-at="2020-04-10T18:32:38 IST" duration-ms="3" status="PASS">
          <reporter-output>
          </reporter-output>
        </test-method> <!-- IOSApps -->
        <test-method signature="NativeAppAndroid()[pri:0, instance:qaclickacademy.AppiumTest@402e37bc]" started-at="2020-04-10T18:32:38 IST" name="NativeAppAndroid" finished-at="2020-04-10T18:32:38 IST" duration-ms="0" status="PASS">
          <reporter-output>
          </reporter-output>
        </test-method> <!-- NativeAppAndroid -->
      </class> <!-- qaclickacademy.AppiumTest -->
      <class name="qaclickacademy.SeleniumTest">
        <test-method signature="BrowserAutomation()[pri:0, instance:qaclickacademy.SeleniumTest@79ad8b2f]" started-at="2020-04-10T18:32:38 IST" name="BrowserAutomation" finished-at="2020-04-10T18:32:38 IST" duration-ms="0" status="PASS">
          <reporter-output>
          </reporter-output>
        </test-method> <!-- BrowserAutomation -->
        <test-method signature="elementsUI()[pri:0, instance:qaclickacademy.SeleniumTest@79ad8b2f]" started-at="2020-04-10T18:32:38 IST" name="elementsUI" finished-at="2020-04-10T18:32:38 IST" duration-ms="1" status="PASS">
          <reporter-output>
          </reporter-output>
        </test-method> <!-- elementsUI -->
      </class> <!-- qaclickacademy.SeleniumTest -->
    </test> <!-- Test -->
  </suite> <!-- Suite -->
</testng-results>
